<?xml version="1.0" encoding="UTF-8"?>
<!-- Generated by org.testng.reporters.JUnitReportReporter -->
<testsuite hostname="PC-201703232235" name="HelloWorldTest" tests="1" failures="0" timestamp="23 Apr 2017 02:33:23 GMT" time="0.016" errors="0">
  <testcase name="testSayHello" time="0.016" classname="HelloWorldTest"/>
</testsuite> <!-- HelloWorldTest -->
